NC_000913.3|CGC1|NP_414627.1|TC|2.A.128	PUL0655_10:PUL0655::KCP55_RS09545:WP_210707584.1:CDS:	20.6	355	230	9	25	370	16	327	2.18e-05	45.1	495	430
NC_000913.3|CGC1|NP_414628.1|null|null	PUL0655_10:PUL0655::KCP55_RS09545:WP_210707584.1:CDS:	32.5	422	267	9	26	443	15	422	2.03e-53	183	452	430
NC_000913.3|CGC1|NP_414629.1|TC|9.B.146	PUL0509_14:PUL0509::BF9343_3374:CAH09155.1:TC:gnl|TC-DB|R6S968|9.B.146.1.4	25.9	193	98	7	175	346	154	322	2.07e-05	44.3	360	363
NC_000913.3|CGC3|NP_414669.1|TC|3.A.1	PUL0108_20:PUL0108::B5G17_RS03090:WP_034522675.1:TC:gnl|TC-DB|P42332|3.A.1.131.1	32.3	223	149	2	5	226	6	227	3.51e-34	123	308	247
NC_000913.3|CGC3|NP_414671.1|null|null	PUL0366_6:PUL0366:agaF::AAF81086.1:TC:gnl|TC-DB|Q8Y8V8|4.A.6.1.16	33.1	127	85	0	1	127	1	127	4.34e-18	73.9	146	144
NC_000913.3|CGC5|NP_414804.1|TC|2.A.2	PUL0488_9:PUL0488::FJOH_RS25600:WP_012026919.1:TC:gnl|TC-DB|A1S5F2|2.A.2.3.6	34.6	457	283	3	3	444	4	459	1.73e-95	294	460	463
NC_000913.3|CGC5|NP_414805.1|CAZyme|GH43_11	PUL0013_53:PUL0013:xynB3::ABI49959.1:CAZyme:GH43_11	56.8	535	229	1	2	536	3	535	1.99e-232	649	536	535
NC_000913.3|CGC6|NP_414846.1|null|null	PUL0316_5:PUL0316:aldA:ZOBELLIA_4659:CAZ98794.1:CDS:	36.1	482	305	3	1	481	1	480	7.48e-99	304	490	484
NC_000913.3|CGC7|NP_414876.1|null|null	PUL0168_4:PUL0168:thgA:L0026:AAK06079.1:CDS:	51.4	148	71	1	54	200	1	148	2.41e-51	161	203	153
NC_000913.3|CGC7|NP_414877.1|TC|2.A.1	PUL0374_3:PUL0374:rafB:Dda3937_03028:ADM97866.1:TC:gnl|TC-DB|P96517|2.A.1.5.4	59.9	397	159	0	6	402	16	412	5.34e-170	481	417	426
NC_000913.3|CGC7|NP_414878.1|CAZyme|GH2_e92	PUL0168_3:PUL0168:lacZ:L0025:AAK06078.1:CAZyme:GH2	49.9	1039	452	20	1	1019	2	991	0.0	953	1024	996
NC_000913.3|CGC8|NP_414887.2|TC|2.A.1	PUL0456_1:PUL0456::PBR_RS03350:WP_006281697.1:-	29.9	157	94	2	51	192	49	204	3.60e-10	59.7	403	457
NC_000913.3|CGC8|NP_414890.1|null|null	PUL0225_8:PUL0225::BACPLE_RS08600:WP_007560927.1:CDS:	31.1	212	118	7	28	237	25	210	3.34e-19	85.9	369	338
NC_000913.3|CGC8|NP_414894.2|null|null	PUL0335_13:PUL0335:::SIP56323.1:-	100	108	0	0	1	108	16	123	4.50e-65	201	121	424
NC_000913.3|CGC8|NP_414895.1|null|null	PUL0335_13:PUL0335:::SIP56323.1:-	99.7	301	1	0	1	301	124	424	6.96e-229	625	301	424
NC_000913.3|CGC8|NP_414900.1|TC|3.A.1	PUL0309_2:PUL0309::CALPO_RS0104490:WP_026486266.1:TC:gnl|TC-DB|O05347|3.A.1.16.2	39.4	249	141	2	4	242	8	256	7.03e-59	186	255	279
NC_000913.3|CGC8|NP_414901.1|TC|3.A.1	PUL0309_3:PUL0309::CALPO_RS0104495:WP_035172165.1:TC:gnl|TC-DB|O85765|3.A.1.17.2	27.1	214	151	1	44	257	29	237	7.92e-24	95.5	275	257
NC_000913.3|CGC9|NP_414936.1|TC|2.A.3	PUL0296_1:PUL0296::APC1503_1956:PKC87186.1:TC:gnl|TC-DB|P15993|2.A.3.1.3	41.0	463	247	5	7	443	22	484	7.47e-116	347	457	491
NC_000913.3|CGC9|NP_414937.2|CAZyme|CBM34_e8	PUL0361_5:PUL0361::THEMA_05025:AHD18274.1:CAZyme:GH13_20|CBM34|GH13	36.1	457	240	15	117	567	6	416	1.45e-74	244	604	473
NC_000913.3|CGC11|NP_415102.1|STP|HATPase_c	PUL0555_9:PUL0555::BF638R_RS01830:WP_008658127.1:TF:DBD-Pfam|HTH_AraC,DBD-Pfam|HTH_AraC,DBD-SUPERFAMILY|0036286,DBD-SUPERFAMILY|0035607	29.6	230	159	2	253	479	11	240	5.09e-27	112	480	549
NC_000913.3|CGC11|NP_415103.1|STP|Response_reg+TF	PUL0530_14:PUL0530::BT_0990:AAO76097.1:TF:DBD-Pfam|Trans_reg_C	42.5	221	125	1	3	221	4	224	1.09e-57	181	227	228
NC_000913.3|CGC11|NP_415107.1|TC|2.A.6	PUL0093_7:PUL0093:::VDS02496.1:-	20.2	1052	734	23	40	1039	38	1036	3.86e-28	120	1047	1041
NC_000913.3|CGC11|NP_415108.1|TC|2.A.3	PUL0296_1:PUL0296::APC1503_1956:PKC87186.1:TC:gnl|TC-DB|P15993|2.A.3.1.3	44.3	470	233	6	18	458	21	490	1.95e-130	384	458	491
NC_000913.3|CGC11|NP_415109.1|TC|1.A.23	PUL0467_1:PUL0467::BT_1623:AAO76730.1:TC:gnl|TC-DB|P0AAT4|1.A.23.4.5	36.6	355	204	3	45	399	55	388	2.29e-72	230	415	391
NC_000913.3|CGC12|NP_415203.1|CAZyme|CE9_e0	PUL0579_2:PUL0579:nagA:VC_RS04910:WP_000271133.1:CAZyme:CE9	62.0	376	140	1	1	376	1	373	4.11e-168	473	382	378
NC_000913.3|CGC12|NP_415204.1|null|null	PUL0093_2:PUL0093:::VDS02491.1:-	61.2	263	102	0	1	263	1	263	4.16e-120	342	266	263
NC_000913.3|CGC12|NP_415205.1|TC|4.A.1	PUL0579_3:PUL0579::VC_RS04915:WP_001023164.1:TC:gnl|TC-DB|P09323|4.A.1.1.2	47.9	518	210	4	1	465	1	511	3.97e-147	435	648	523
NC_000913.3|CGC12|NP_415207.1|TC|1.B.25	PUL0586_1:PUL0586:ybfM::BAM24399.1:TC:gnl|TC-DB|P75733|1.B.25.1.13	74.2	473	111	5	1	468	1	467	1.59e-270	739	468	467
NC_000913.3|CGC13|NP_415260.1|CAZyme|GH38_e0	PUL0194_3:PUL0194::SP_2143:AAK76200.1:CAZyme:GH38	26.9	875	536	27	7	821	11	841	5.73e-78	270	877	886
NC_000913.3|CGC13|NP_415265.1|TC|1.A.30	PUL0292_12:PUL0292:exbB::ACF93793.1:CDS:	33.0	206	113	6	21	218	94	282	1.67e-21	89.0	230	306
NC_000913.3|CGC13|NP_415266.1|TC|1.A.30	PUL0292_11:PUL0292:exbD1::ACF93792.1:TC:gnl|TC-DB|Q1D0D2|1.A.30.2.7	27.7	130	84	2	14	141	17	138	4.86e-09	50.1	142	142
NC_000913.3|CGC15|NP_415526.4|TC|2.A.40	PUL0024_11:PUL0024:::CCG34783.1:-	26.8	467	270	20	13	426	10	457	3.22e-25	105	442	467
NC_000913.3|CGC16|NP_415535.1|TC|2.A.21	PUL0460_7:PUL0460::AX660_RS08420:WP_068375550.1:-	21.8	454	317	14	13	444	11	448	9.49e-08	52.8	502	525
NC_000913.3|CGC16|NP_415541.1|CAZyme|GT2	PUL0428_2:PUL0428:icaA::AAC06117.1:TC:gnl|TC-DB|Q54066|4.D.1.1.2	38.7	413	237	6	32	437	5	408	3.70e-100	303	441	412
NC_000913.3|CGC17|NP_415571.1|TC|2.A.1	PUL0456_1:PUL0456::PBR_RS03350:WP_006281697.1:-	26.8	127	86	2	17	139	14	137	5.93e-03	37.0	408	457
NC_000913.3|CGC19|NP_415825.4|CAZyme|GH13_18	PUL0088_6:PUL0088:gftA::AAA26937.1:CAZyme:GH13_18|GH13	31.9	480	276	14	50	511	8	454	4.17e-58	199	559	481
NC_000913.3|CGC19|NP_415826.1|TC|3.A.1	PUL0653_14:PUL0653::SCO3484:CAB61808.1:TC:gnl|TC-DB|Q7AKP1|3.A.1.1.44	28.9	149	94	5	122	264	138	280	2.98e-10	60.1	430	436
NC_000913.3|CGC19|NP_415827.1|TC|3.A.1	PUL0217_4:PUL0217::CALPO_RS0106055:WP_084295216.1:TC:gnl|TC-DB|Q93KC0|3.A.1.1.11	29.6	260	172	4	31	285	28	281	2.02e-31	117	293	292
NC_000913.3|CGC19|NP_415828.1|TC|3.A.1	PUL0014_9:PUL0014::GTHT12_RS10205:WP_060475618.1:TC:gnl|TC-DB|G4FGN6|3.A.1.1.41	33.0	270	178	2	11	280	8	274	2.76e-45	152	280	274
NC_000913.3|CGC19|NP_415832.1|CAZyme|GH65_e4	PUL0612_5:PUL0612::ED555_05815:RNC92593.1:CAZyme:GH65	27.6	784	489	20	3	734	9	765	1.20e-81	275	755	767
NC_000913.3|CGC19|NP_415833.1|null|null	PUL0230_6:PUL0230:pgmB:LBA1869:AAV43669.1:CDS:	41.1	207	120	1	3	207	2	208	2.14e-45	149	219	221
NC_000913.3|CGC21|NP_416133.1|TC|2.A.2	PUL0167_3:PUL0167::BACOVA_02089:EDO12199.1:TC:gnl|TC-DB|A1S5F2|2.A.2.3.6	33.1	453	279	7	11	445	8	454	4.74e-70	228	457	457
NC_000913.3|CGC21|NP_416134.1|CAZyme|GH2_e29	PUL0530_7:PUL0530::BT_0983:AAO76090.1:CAZyme:GH2	28.2	521	278	24	4	483	37	502	1.10e-35	141	603	882
NC_000913.3|CGC21|NP_416136.1|TC|1.A.115	PUL0136_4:PUL0136:kduD:PH505_ap00450:EGI73594.1:CDS:	34.8	244	149	3	12	249	11	250	7.57e-39	134	255	254
NC_000913.3|CGC21|NP_416137.1|TF|LacI+STP	PUL0285_2:PUL0285::Bbr_0526:ABE95223.1:TF:DBD-Pfam|LacI,DBD-SUPERFAMILY|0036955	29.6	284	182	7	1	275	1	275	3.34e-22	94.0	342	336
NC_000913.3|CGC21|NP_416138.1|TC|4.A.1	PUL0579_3:PUL0579::VC_RS04915:WP_001023164.1:TC:gnl|TC-DB|P09323|4.A.1.1.2	33.5	558	272	12	14	524	6	511	3.28e-79	256	530	523
NC_000913.3|CGC22|NP_416248.1|CAZyme|GH4_e24	PUL0100_2:PUL0100::C5Y66_RS21135:WP_000078765.1:CAZyme:GH4	100	450	0	0	1	450	1	450	0.0	904	450	450
NC_000913.3|CGC22|NP_416249.1|STP|HTH_18	PUL0100_3:PUL0100:chbR:C5Y66_RS21140:WP_001301288.1:TF:DBD-Pfam|HTH_AraC,DBD-Pfam|HTH_AraC,DBD-SUPERFAMILY|0035607	100	279	0	0	2	280	1	279	5.21e-202	550	280	279
NC_000913.3|CGC22|NP_416250.1|TC|4.A.3	PUL0100_4:PUL0100:chbA:C5Y66_RS21145:WP_000968919.1:TC:gnl|TC-DB|P69791|4.A.3.2.1	100	116	0	0	1	116	1	116	5.41e-74	213	116	116
NC_000913.3|CGC22|NP_416251.1|TC|4.A.3	PUL0100_5:PUL0100:chbC:C5Y66_RS21150:WP_000073041.1:TC:gnl|TC-DB|P17334|4.A.3.2.1	100	452	0	0	1	452	1	452	8.13e-309	835	452	452
NC_000913.3|CGC22|NP_416252.1|TC|4.A.3	PUL0100_6:PUL0100:chbB:C5Y66_RS21155:WP_000412169.1:TC:gnl|TC-DB|P69795|4.A.3.2.1	100	106	0	0	1	106	1	106	2.06e-71	206	106	106
NC_000913.3|CGC23|NP_416372.1|TC|3.A.1	PUL0406_2:PUL0406::DCP27_RS03160:WP_004103201.1:TC:gnl|TC-DB|Q0W8T7|3.A.1.144.2	34.4	215	118	6	3	198	2	212	2.36e-27	103	251	245
NC_000913.3|CGC24|NP_416413.1|TC|3.A.1	PUL0599_7:PUL0599::Clocel_2598:ADL52308.1:TC:gnl|TC-DB|G4FGN3|3.A.1.2.20	39.5	496	290	4	4	495	2	491	2.64e-119	358	504	497
NC_000913.3|CGC25|NP_416437.1|CAZyme|GH13_5	PUL0236_13:PUL0236::GFO_2141:CAL67106.1:CAZyme:GH13_7	26.5	374	224	9	5	377	62	385	1.18e-33	131	495	484
NC_000913.3|CGC26|NP_416536.1|CAZyme|GT4_e1752	PUL0261_4:PUL0261::BT_2865:AAO77971.1:CAZyme:GT0|GT4	36.2	340	198	8	3	333	5	334	3.32e-59	194	372	370
NC_000913.3|CGC26|NP_416537.1|null|null	PUL0660_1:PUL0660:atr8::QBM04792.1:CDS:	45.8	192	99	1	9	195	5	196	1.01e-53	168	196	198
NC_000913.3|CGC26|NP_416540.1|null|null	PUL0198_4:PUL0198:glf::BAQ01417.1:CDS:	72.5	357	98	0	1	357	1	357	5.27e-204	563	367	365
NC_000913.3|CGC26|NP_416541.1|TC|2.A.66	PUL0201_3:PUL0201:wzx::BAQ01874.1:TC:gnl|TC-DB|P37746|2.A.66.2.1	50.0	406	203	0	7	412	6	411	1.24e-140	406	415	415
NC_000913.3|CGC27|NP_416545.1|TC|9.B.18	PUL0433_1:PUL0433:rmlB::AIG62806.1:CDS:	97.8	361	8	0	1	361	1	361	7.44e-268	724	361	361
NC_000913.3|CGC27|NP_416546.1|null|null	PUL0046_3:PUL0046:galF::BAQ01246.1:CDS:	100	297	0	0	1	297	1	297	2.60e-213	580	297	297
NC_000913.3|CGC27|NP_416547.1|null|null	PUL0184_1:PUL0184:wcaM::BAQ01447.1:CDS:	77.2	460	101	2	4	460	3	461	5.86e-264	723	464	463
NC_000913.3|CGC27|NP_416548.1|CAZyme|GT4_e731	PUL0254_20:PUL0254::BT_0394:AAO75501.1:CAZyme:GT4	27.4	175	115	4	223	395	189	353	3.59e-14	71.6	406	364
NC_000913.3|CGC27|NP_416550.1|TC|2.A.66	PUL0507_5:PUL0507::BF9343_0702:CAH06483.1:TC:gnl|TC-DB|O32273|2.A.66.2.6	25.5	369	268	2	2	366	4	369	8.74e-42	154	492	483
NC_000913.3|CGC27|NP_416551.1|TC|9.B.18	PUL0324_17:PUL0324::BVG96_04575:ASM00474.1:TC:gnl|TC-DB|G0CIY2|9.B.18.1.1	63.4	454	165	1	12	464	11	464	1.47e-210	587	464	464
NC_000913.3|CGC27|NP_416552.1|null|null	PUL0202_15:PUL0202:manB::BAQ00934.1:CDS:	97.8	456	10	0	1	456	1	456	0.0	906	456	456
NC_000913.3|CGC27|NP_416553.1|null|null	PUL0324_15:PUL0324::BVG96_04565:ASL96919.1:CDS:	67.7	470	147	2	4	473	2	466	1.70e-231	641	478	471
NC_000913.3|CGC28|NP_416559.1|CAZyme|GT2	PUL0496_8:PUL0496::BF638R_RS16685:WP_032563521.1:CAZyme:GT2|GT2_Glycos_transf_2	30.8	224	132	9	2	213	5	217	1.97e-25	99.0	248	252
NC_000913.3|CGC28|NP_416561.1|CAZyme|GT4_e1042	PUL0524_8:PUL0524::BF_RS09425:WP_011202692.1:CAZyme:GT4	39.6	48	29	0	298	345	286	333	1.14e-05	45.4	405	392
NC_000913.3|CGC28|NP_416563.1|CAZyme|GT2	PUL0495_19:PUL0495::BF638R_RS03810:WP_005784969.1:CAZyme:GT2|GT2_Glycos_transf_2	38.6	140	75	4	6	137	5	141	1.02e-20	87.0	279	250
NC_000913.3|CGC28|NP_416564.4|TC|8.A.3	PUL0324_5:PUL0324::BVG96_04515:ASL96909.1:TC:gnl|TC-DB|P76387|8.A.3.3.2	57.0	717	305	2	1	716	1	715	3.76e-276	774	720	715
NC_000913.3|CGC28|NP_416565.1|null|null	PUL0324_4:PUL0324::BVG96_04510:ASL96908.1:CDS:	64.3	143	51	0	1	143	1	143	7.93e-65	192	147	144
NC_000913.3|CGC28|NP_416566.1|TC|1.B.18	PUL0324_3:PUL0324::BVG96_04505:ASL96907.1:TC:gnl|TC-DB|P0A930|1.B.18.3.1	69.1	379	115	1	1	379	1	377	1.74e-199	552	379	378
NC_000913.3|CGC29|NP_416630.1|TC|9.B.33	PUL0224_1:PUL0224::CCEL_RS06150:WP_015924732.1:TC:gnl|TC-DB|Q81JL2|9.B.33.1.1	29.8	208	128	3	367	556	271	478	2.33e-25	107	561	488
NC_000913.3|CGC29|NP_416633.1|TC|3.A.1	PUL0155_3:PUL0155::Atu3021:AAK90362.1:TC:gnl|TC-DB|Q9KWT9|3.A.1.1.10	37.0	235	145	2	2	236	4	235	2.15e-45	156	308	371
NC_000913.3|CGC29|NP_416636.1|CAZyme|GH3_e1	PUL0420_2:PUL0420::BACOVA_03380:EDO10748.1:CAZyme:GH3	45.3	768	401	6	11	764	16	778	1.37e-229	660	765	779
NC_000913.3|CGC29|NP_416637.1|null|null	PUL0060_24:PUL0060:ldhD::QBM04678.1:CDS:	56.2	566	243	4	4	567	9	571	9.09e-226	635	571	576
NC_000913.3|CGC30|NP_416757.1|CAZyme|GT2	PUL0336_12:PUL0336:::SIP56353.1:-	32.1	318	200	7	10	314	3	317	6.43e-46	156	322	317
NC_000913.3|CGC30|NP_416758.1|null|null	PUL0184_15:PUL0184:::BAQ01461.1:-	24.8	262	168	7	319	568	23	267	6.26e-12	65.9	660	353
NC_000913.3|CGC31|NP_416852.1|CAZyme|GT2	PUL0336_12:PUL0336:::SIP56353.1:-	31.2	317	189	10	1	295	1	310	4.56e-28	108	306	317
NC_000913.3|CGC33|NP_417194.2|STP|Peripla_BP_3+TF	PUL0331_6:PUL0331::VF_RS03165:WP_011261352.1:STP:STP|LacI,STP|Peripla_BP_3	38.1	333	199	4	1	330	1	329	4.33e-70	220	336	334
NC_000913.3|CGC33|NP_417196.1|CAZyme|GH1_e85	PUL0041_3:PUL0041:casB::AAB51564.1:CAZyme:GH1	55.3	474	201	3	1	474	1	463	3.80e-194	546	474	464
NC_000913.3|CGC33|NP_417211.1|TC|3.A.23	PUL0335_2:PUL0335:::SIP56312.1:-	44.6	312	165	3	381	687	141	449	8.29e-73	241	692	453
NC_000913.3|CGC35|NP_417375.1|TC|1.C.113	PUL0123_2:PUL0123:::MH106010_2:-	41.1	209	120	1	11	216	11	219	7.23e-49	157	219	220
NC_000913.3|CGC35|NP_417377.1|CAZyme|GH1_e0	PUL0022_2:PUL0022::BCOA_RS20695:WP_014096056.1:CAZyme:GH1	64.9	478	167	1	3	479	1	478	4.65e-238	658	479	478
NC_000913.3|CGC35|NP_417378.1|TC|1.A.115	PUL0151_10:PUL0151::ZOBELLIA_2622:CAZ96772.1:CDS:	35.9	245	151	2	3	246	7	246	1.25e-40	138	247	250
NC_000913.3|CGC37|NP_417543.1|TC|9.B.334	PUL0458_22:PUL0458::CWS31_RS06570:WP_148747712.1:-	34.9	189	100	6	334	502	484	669	3.78e-17	82.8	506	675
NC_000913.3|CGC37|NP_417546.1|STP|Peripla_BP_3+TF	PUL0082_2:PUL0082:msmR:ABP1_4097:KAF1343300.1:TF:DBD-Pfam|LacI,DBD-SUPERFAMILY|0044558	34.1	340	200	7	1	323	1	333	1.64e-56	185	327	344
NC_000913.3|CGC37|NP_417548.1|null|null	PUL0028_11:PUL0028::RUMGNA_RS11880:WP_004843641.1:CDS:	24.8	149	91	7	5	141	10	149	2.19e-05	40.4	149	149
NC_000913.3|CGC39|NP_417797.1|CAZyme|GH18_e193	PUL0475_7:PUL0475:chiA:TUE45_03417:CUW28697.1:CAZyme:GH18|CBM2	37.3	308	175	7	589	894	199	490	2.70e-47	174	897	491
NC_000913.3|CGC40|NP_417875.1|CAZyme|GH77_e27	PUL0454_12:PUL0454:acbQ:ACPL_3674:AEV84569.1:CAZyme:GH77	31.0	670	412	13	14	660	17	659	4.67e-91	296	694	698
NC_000913.3|CGC41|NP_417884.1|null|null	PUL0038_8:PUL0038:glpD::AAD33671.1:CDS:	30.5	488	283	19	2	470	13	463	4.37e-42	155	501	511
NC_000913.3|CGC41|NP_417886.1|CAZyme|GT35_e0	PUL0605_1:PUL0605::CXP41_18685:AUG18131.1:CAZyme:GT35	100	815	0	0	1	815	1	815	0.0	1641	815	815
NC_000913.3|CGC41|NP_417887.1|CAZyme|GT5_e31	PUL0605_2:PUL0605::CXP41_18690:AUG18132.1:CAZyme:GT5	100	477	0	0	1	477	1	477	0.0	964	477	477
NC_000913.3|CGC41|NP_417888.1|null|null	PUL0605_3:PUL0605::CXP41_18695:AUG18133.1:CDS:	100	431	0	0	1	431	1	431	0.0	871	431	431
NC_000913.3|CGC41|NP_417889.1|CAZyme|CBM48_e3	PUL0605_4:PUL0605::CXP41_18700:AUG18134.1:CAZyme:CBM48+GH13_11	100	657	0	0	1	657	1	657	0.0	1397	657	657
NC_000913.3|CGC41|NP_417890.1|CAZyme|CBM48_e2	PUL0605_5:PUL0605::CXP41_18705:AUG18135.1:CAZyme:CBM48+GH13_9	100	728	0	0	1	728	1	728	0.0	1553	728	736
NC_000913.3|CGC43|NP_417988.1|CAZyme|GH8_e0	PUL0311_3:PUL0311:bcsZ:BN896_3220:CDJ73345.1:CAZyme:GH8	100	368	0	0	1	368	1	368	2.28e-286	771	368	368
NC_000913.3|CGC43|NP_417989.1|TC|4.D.3	PUL0311_2:PUL0311:bcsB:BN896_3221:CDJ73344.1:TC:gnl|TC-DB|P37652|4.D.3.1.6	100	779	0	0	1	779	1	779	0.0	1547	779	779
NC_000913.3|CGC43|NP_417990.4|CAZyme|GT2	PUL0311_1:PUL0311:bcsA:BN896_3222:CDJ73343.1:CAZyme:GT2|GT2_Glycos_transf_2	100	872	0	0	1	872	1	872	0.0	1770	872	872
NC_000913.3|CGC44|NP_418021.1|null|null	PUL0598_4:PUL0598::Clocel_0592:ADL50363.1:CDS:	42.2	483	269	7	2	476	3	483	9.10e-126	374	484	496
NC_000913.3|CGC44|NP_418022.1|null|null	PUL0602_2:PUL0602::Geoth_2243:AEH48176.1:CDS:	52.5	438	204	3	3	439	2	436	1.30e-165	471	440	441
NC_000913.3|CGC44|NP_418023.1|TC|3.A.1	PUL0010_42:PUL0010::GTNG_RS09405:WP_008880038.1:TC:gnl|TC-DB|P25548|3.A.1.2.5	39.5	324	175	7	28	330	34	357	1.09e-58	191	330	358
NC_000913.3|CGC44|NP_418024.1|TC|3.A.1	PUL0010_41:PUL0010::GTNG_RS09400:WP_011887528.1:TC:gnl|TC-DB|O05176|3.A.1.2.5	48.8	502	247	4	3	498	4	501	8.51e-155	449	513	513
NC_000913.3|CGC44|NP_418025.1|TC|3.A.1	PUL0010_40:PUL0010::GTNG_RS09395:WP_011887527.1:TC:gnl|TC-DB|O05177|3.A.1.2.5	40.8	377	213	3	26	393	31	406	8.50e-87	267	393	407
NC_000913.3|CGC44|NP_418026.1|STP|Peripla_BP_3+STP	PUL0218_18:PUL0218::BN138_180:CCO20992.1:TF:DBD-Pfam|HTH_AraC,DBD-Pfam|HTH_AraC,DBD-SUPERFAMILY|0035607	26.4	106	73	2	289	389	1247	1352	2.77e-05	44.7	392	1354
NC_000913.3|CGC44|NP_418028.1|CAZyme|GH13_19	PUL0611_2:PUL0611::ED556_00430:RNC87689.1:CAZyme:GH13_19	34.0	524	249	15	184	670	43	506	1.10e-90	291	676	559
NC_000913.3|CGC45|NP_418083.1|CAZyme|GT8_e183	PUL0506_7:PUL0506::BF9343_1481:CAH07262.1:CAZyme:GT8	24.9	305	217	5	28	327	1	298	6.38e-24	98.2	338	308
NC_000913.3|CGC45|NP_418085.2|CAZyme|GT4_e1207	PUL0660_5:PUL0660:gtr27::QBM04790.1:CAZyme:GT4	31.3	246	139	9	76	308	93	321	6.27e-20	88.2	359	367
NC_000913.3|CGC45|NP_418086.1|null|null	PUL0494_9:PUL0494::BF638R_RS07230:WP_014298570.1:CDS:	26.8	198	134	6	112	304	136	327	2.93e-12	64.7	311	336
NC_000913.3|CGC45|NP_418088.1|CAZyme|GT4_e1251	PUL0260_2:PUL0260::BT_1712:AAO76819.1:CAZyme:GT4	30.3	119	82	1	202	319	225	343	6.12e-09	55.5	374	392
NC_000913.3|CGC46|NP_418109.1|TC|3.A.11	PUL0299_1:PUL0299::APC1477_RS01575:WP_100967851.1:CDS:	37.1	512	221	9	257	668	406	916	7.82e-71	246	693	947
NC_000913.3|CGC46|NP_418111.1|TC|2.A.40	PUL0024_11:PUL0024:::CCG34783.1:-	28.3	466	301	9	17	462	11	463	1.64e-47	168	463	467
NC_000913.3|CGC46|NP_418113.1|CAZyme|GH31_3	PUL0333_18:PUL0333:::SIP56283.1:-	37.6	518	305	10	156	669	222	725	4.85e-115	365	772	791
NC_000913.3|CGC46|NP_418114.4|TC|2.A.2	PUL0488_9:PUL0488::FJOH_RS25600:WP_012026919.1:TC:gnl|TC-DB|A1S5F2|2.A.2.3.6	36.0	453	272	5	6	442	5	455	4.24e-93	288	460	463
NC_000913.3|CGC46|NP_418118.2|TC|2.A.1	PUL0336_25:PUL0336:::SIP56366.1:-	26.9	67	47	1	139	205	132	196	9.89e-04	39.3	396	391
NC_000913.3|CGC47|NP_418175.3|CAZyme|CE1	PUL0648_25:PUL0648::HMPREF9456_RS11220:WP_006843649.1:CAZyme:CE1+CE1	31.8	377	232	12	24	389	294	656	2.29e-42	155	389	656
NC_000913.3|CGC47|NP_418176.1|TC|1.B.3	PUL0321_2:PUL0321::UTI89_RS08485:WP_001022795.1:TC:gnl|TC-DB|P26218|1.B.3.1.3	51.9	541	236	4	19	538	20	557	1.43e-196	558	538	557
NC_000913.3|CGC47|NP_418177.1|CAZyme|GH1_e85	PUL0041_3:PUL0041:casB::AAB51564.1:CAZyme:GH1	75.4	463	114	0	1	463	1	463	1.62e-272	744	470	464
NC_000913.3|CGC47|NP_418178.1|TC|4.A.1	PUL0041_2:PUL0041:casA::AAB51563.1:TC:gnl|TC-DB|P08722|4.A.1.2.2	55.1	624	270	3	4	625	6	621	2.91e-242	681	625	621
NC_000913.3|CGC47|NP_418179.1|null|null	PUL0002_1:PUL0002:licT::BAA11696.1:CDS:	40.6	276	163	1	3	277	1	276	8.51e-77	233	278	277
NC_000913.3|CGC47|NP_418181.1|TC|3.A.1	PUL0088_7:PUL0088:msmK::AAA26938.1:TC:gnl|TC-DB|Q00752|3.A.1.1.28	30.9	256	145	8	15	252	5	246	1.34e-27	107	257	377
NC_000913.3|CGC48|NP_418239.1|TC|2.A.66	PUL0447_10:PUL0447:::ARO73145.1:-	30.8	406	271	3	5	404	3	404	4.67e-60	199	416	419
NC_000913.3|CGC49|NP_418311.1|TC|1.B.35	PUL0291_1:PUL0291:ompL:AW869_11135:AMC96743.1:TC:gnl|TC-DB|P76773|1.B.35.2.2	100	230	0	0	1	230	1	230	1.62e-178	487	230	230
NC_000913.3|CGC49|NP_418313.4|TC|2.A.2	PUL0291_3:PUL0291::AW869_11145:AMC96745.1:TC:gnl|TC-DB|P32137|2.A.2.3.9	100	461	0	0	1	461	1	461	0.0	921	461	461
NC_000913.3|CGC49|NP_418314.1|CAZyme|GH31_13	PUL0291_4:PUL0291::AW869_11150:AMC96746.1:CAZyme:GH31	100	678	0	0	1	678	1	678	0.0	1443	678	678
NC_000913.3|CGC50|NP_418377.1|CAZyme|AA2_e1	PUL0216_1:PUL0216:cat::BAB03310.1:STP:STP|peroxidase	72.6	190	47	1	15	204	8	192	1.69e-100	306	726	208
NC_000913.3|CGC51|NP_418543.1|CAZyme|GH4_e0	PUL0111_2:PUL0111:melA:b4119:AAC77080.1:CAZyme:GH4	100	451	0	0	1	451	1	451	0.0	934	451	451
NC_000913.3|CGC51|NP_418544.2|TC|2.A.2	PUL0111_3:PUL0111:melB:b4120:AAC77081.2:TC:gnl|TC-DB|A7ZUZ0|2.A.2.1.1	100	473	0	0	1	473	1	473	0.0	907	473	473
NC_000913.3|CGC52|NP_418660.1|CAZyme|GH13_29	PUL0604_5:PUL0604::LP_RS00770:WP_003641784.1:CAZyme:GH13_31	48.0	552	268	8	7	545	7	552	1.06e-186	535	551	576
NC_000913.3|CGC52|NP_418661.1|TC|4.A.1	PUL0048_2:PUL0048:treP:SMU_RS09325:WP_002262352.1:TC:gnl|TC-DB|Q720G7|4.A.1.2.13	48.8	469	229	4	7	465	5	472	5.67e-141	417	473	655
NC_000913.3|CGC52|NP_418662.1|STP|Peripla_BP_3+TF	PUL0638_1:PUL0638::HMPREF0369_RS01715:WP_009202970.1:TF:DBD-Pfam|LacI,DBD-SUPERFAMILY|0036955	28.1	317	219	6	1	310	1	315	1.25e-31	119	315	326
NC_000913.3|CGC52|NP_418663.1|TC|3.A.3	PUL0530_12:PUL0530::BT_0988:AAO76095.1:TC:gnl|TC-DB|P36640|3.A.3.4.1	51.1	892	410	8	17	895	1	879	2.54e-302	854	898	883
NC_000913.3|CGC53|NP_418699.4|TC|2.A.1	PUL0410_5:PUL0410::H260_21055:PJR32598.1:TC:gnl|TC-DB|P41036|2.A.1.12.1	35.0	452	237	5	5	400	10	460	2.08e-92	285	405	496
NC_000913.3|CGC53|NP_418700.2|CAZyme|GH188	PUL0028_6:PUL0028::RUMGNA_RS11855:WP_004843633.1:CDS:	60.9	371	145	0	2	372	4	374	1.28e-170	479	372	374
NC_000913.3|CGC53|NP_418704.1|null|null	PUL0184_17:PUL0184:::BAQ01463.1:-	99.7	383	1	0	1	383	1	383	1.95e-281	760	383	383
NC_000913.3|CGC53|NP_418707.1|TC|3.A.1	PUL0333_12:PUL0333:::SIP56277.1:-	29.7	202	132	3	6	198	10	210	2.38e-23	94.0	255	269
NC_000913.3|CGC53|NP_418711.1|TC|1.B.14	PUL0460_6:PUL0460::AX660_RS08415:WP_068375547.1:-	24.8	141	81	5	139	266	56	184	3.50e-04	42.4	774	815
NC_000913.3|CGC24|YP_026162.2|TC|3.A.1	PUL0459_39:PUL0459::CWS31_RS01510:WP_148747683.1:-	35.1	308	180	6	21	318	14	311	7.03e-45	154	328	325
NC_000913.3|CGC33|YP_026182.1|TC|4.A.1	PUL0041_2:PUL0041:casA::AAB51563.1:TC:gnl|TC-DB|P08722|4.A.1.2.2	33.7	469	296	11	5	465	3	464	1.19e-59	205	485	621
NC_000913.3|CGC37|YP_026199.1|CAZyme|GH2_e92	PUL0122_3:PUL0122::THEMA_RS08285:WP_010865279.1:CAZyme:GH2	36.4	1016	584	23	4	997	8	983	2.94e-204	615	1030	1087
NC_000913.3|CGC38|YP_026207.1|TC|9.B.238	PUL0108_23:PUL0108::B5G17_RS03110:WP_016272717.1:TC:gnl|TC-DB|Q93N33|2.A.21.9.2	30.8	422	268	10	232	639	615	1026	1.66e-51	192	778	1037
NC_000913.3|CGC40|YP_026218.1|CAZyme|GT35_e0	PUL0605_1:PUL0605::CXP41_18685:AUG18131.1:CAZyme:GT35	47.9	764	387	5	38	793	48	808	3.18e-251	717	797	815
NC_000913.3|CGC43|YP_026226.4|TC|1.B.55	PUL0311_4:PUL0311:bcsC:BN896_3219:CDJ73346.1:TC:gnl|TC-DB|P37650|1.B.55.3.1	100	1140	0	0	18	1157	1	1140	0.0	2147	1157	1140
NC_000913.3|CGC48|YP_026258.1|TC|2.A.3	PUL0296_1:PUL0296::APC1503_1956:PKC87186.1:TC:gnl|TC-DB|P15993|2.A.3.1.3	40.1	471	245	8	8	447	22	486	4.85e-109	330	461	491
NC_000913.3|CGC49|YP_026275.1|TC|2.A.2	PUL0291_2:PUL0291::AW869_11140:AMC96744.1:TC:gnl|TC-DB|P32137|2.A.2.3.9	100	467	0	0	1	467	1	467	0.0	927	467	467
